INFO:werkzeug:[31m[1mWARNING: This is a development server. Do not use it in a production deployment. Use a production WSGI server instead.[0m
 * Running on all addresses (0.0.0.0)
 * Running on http://127.0.0.1:6550
 * Running on http://192.168.100.4:6550
INFO:werkzeug:[33mPress CTRL+C to quit[0m
INFO:werkzeug:[31m[1mWARNING: This is a development server. Do not use it in a production deployment. Use a production WSGI server instead.[0m
 * Running on all addresses (0.0.0.0)
 * Running on http://127.0.0.1:6550
 * Running on http://192.168.100.4:6550
INFO:werkzeug:[33mPress CTRL+C to quit[0m
INFO:werkzeug:192.168.100.4 - - [28/Dec/2023 02:09:58] "GET /socket.io/?transport=polling&EIO=4&t=1703711398.514085 HTTP/1.1" 200 -
ERROR:engineio.server:message handler error
Traceback (most recent call last):
  File "C:\Users\misba\Anaconda3\envs\IP\lib\site-packages\flask_socketio\__init__.py", line 823, in _handle_event
    ret = handler(auth)
TypeError: on_connect() takes 0 positional arguments but 1 was given

During handling of the above exception, another exception occurred:

Traceback (most recent call last):
  File "C:\Users\misba\Anaconda3\envs\IP\lib\site-packages\socketio\server.py", line 532, in _handle_connect
    success = self._trigger_event(
  File "C:\Users\misba\Anaconda3\envs\IP\lib\site-packages\socketio\server.py", line 609, in _trigger_event
    return self.handlers[namespace][event](*args)
  File "C:\Users\misba\Anaconda3\envs\IP\lib\site-packages\flask_socketio\__init__.py", line 282, in _handler
    return self._handle_event(handler, message, namespace, sid,
  File "C:\Users\misba\Anaconda3\envs\IP\lib\site-packages\flask_socketio\__init__.py", line 825, in _handle_event
    ret = handler()
  File "app.py", line 35, in on_connect
    logUpdater("CLIENT CONNECTED")
TypeError: logUpdater() missing 1 required positional argument: 'mesg'

During handling of the above exception, another exception occurred:

Traceback (most recent call last):
  File "C:\Users\misba\Anaconda3\envs\IP\lib\site-packages\flask_socketio\__init__.py", line 823, in _handle_event
    ret = handler(auth)
TypeError: on_connect() takes 0 positional arguments but 1 was given

During handling of the above exception, another exception occurred:

Traceback (most recent call last):
  File "C:\Users\misba\Anaconda3\envs\IP\lib\site-packages\engineio\server.py", line 431, in run_handler
    return self.handlers[event](*args)
  File "C:\Users\misba\Anaconda3\envs\IP\lib\site-packages\socketio\server.py", line 642, in _handle_eio_message
    self._handle_connect(eio_sid, pkt.namespace, pkt.data)
  File "C:\Users\misba\Anaconda3\envs\IP\lib\site-packages\socketio\server.py", line 535, in _handle_connect
    success = self._trigger_event(
  File "C:\Users\misba\Anaconda3\envs\IP\lib\site-packages\socketio\server.py", line 609, in _trigger_event
    return self.handlers[namespace][event](*args)
  File "C:\Users\misba\Anaconda3\envs\IP\lib\site-packages\flask_socketio\__init__.py", line 282, in _handler
    return self._handle_event(handler, message, namespace, sid,
  File "C:\Users\misba\Anaconda3\envs\IP\lib\site-packages\flask_socketio\__init__.py", line 825, in _handle_event
    ret = handler()
  File "app.py", line 35, in on_connect
    logUpdater("CLIENT CONNECTED")
TypeError: logUpdater() missing 1 required positional argument: 'mesg'
INFO:werkzeug:192.168.100.4 - - [28/Dec/2023 02:09:59] "GET /socket.io/?transport=websocket&EIO=4&sid=OnROo2qYlLEf8bZaAAAA&t=1703711398.5318437 HTTP/1.1" 200 -
INFO:werkzeug:[31m[1mWARNING: This is a development server. Do not use it in a production deployment. Use a production WSGI server instead.[0m
 * Running on all addresses (0.0.0.0)
 * Running on http://127.0.0.1:6550
 * Running on http://192.168.100.4:6550
INFO:werkzeug:[33mPress CTRL+C to quit[0m
INFO:werkzeug:192.168.100.4 - - [28/Dec/2023 02:12:20] "GET /socket.io/?transport=polling&EIO=4&t=1703711540.3442998 HTTP/1.1" 200 -
INFO:root:CLIENT CONNECTED
INFO:root:pong, recived pong from local ai server
INFO:root:pong, recived pong from local ai server
INFO:root:pong, recived pong from local ai server
INFO:root:pong, recived pong from local ai server
INFO:root:pong, recived pong from local ai server
INFO:root:pong, recived pong from local ai server
INFO:root:pong, recived pong from local ai server
INFO:root:data received from client
INFO:werkzeug:192.168.100.4 - - [28/Dec/2023 02:13:22] "POST /remove HTTP/1.1" 200 -
INFO:root:pong, recived pong from local ai server
INFO:werkzeug:192.168.100.4 - - [28/Dec/2023 02:13:36] "GET /socket.io/?transport=polling&EIO=4&t=1703711616.769948 HTTP/1.1" 200 -
INFO:root:CLIENT CONNECTED
INFO:root:pong, recived pong from local ai server
INFO:root:pong, recived pong from local ai server
INFO:root:pong, recived pong from local ai server
INFO:root:data received from client
INFO:werkzeug:192.168.100.4 - - [28/Dec/2023 02:13:47] "POST /remove HTTP/1.1" 200 -
INFO:root:data received from client
INFO:root:pong, recived pong from local ai server
INFO:root:pong, recived pong from local ai server
INFO:root:pong, recived pong from local ai server
INFO:root:pong, recived pong from local ai server
INFO:root:pong, recived pong from local ai server
INFO:root:pong, recived pong from local ai server
INFO:root:pong, recived pong from local ai server
INFO:root:pong, recived pong from local ai server
INFO:root:pong, recived pong from local ai server
INFO:root:pong, recived pong from local ai server
INFO:root:pong, recived pong from local ai server
INFO:root:pong, recived pong from local ai server
INFO:root:pong, recived pong from local ai server
INFO:root:pong, recived pong from local ai server
INFO:root:pong, recived pong from local ai server
INFO:root:pong, recived pong from local ai server
INFO:root:pong, recived pong from local ai server
INFO:root:pong, recived pong from local ai server
INFO:root:pong, recived pong from local ai server
INFO:root:pong, recived pong from local ai server
INFO:root:pong, recived pong from local ai server
INFO:root:pong, recived pong from local ai server
INFO:root:pong, recived pong from local ai server
INFO:root:pong, recived pong from local ai server
INFO:root:pong, recived pong from local ai server
INFO:root:pong, recived pong from local ai server
INFO:root:pong, recived pong from local ai server
INFO:werkzeug:192.168.100.4 - - [28/Dec/2023 02:16:01] "GET /log HTTP/1.1" 200 -
INFO:root:pong, recived pong from local ai server
INFO:root:pong, recived pong from local ai server
INFO:root:pong, recived pong from local ai server
INFO:root:pong, recived pong from local ai server
INFO:root:pong, recived pong from local ai server
INFO:root:pong, recived pong from local ai server
INFO:root:pong, recived pong from local ai server
INFO:root:pong, recived pong from local ai server
INFO:root:pong, recived pong from local ai server
INFO:root:pong, recived pong from local ai server
INFO:root:pong, recived pong from local ai server
INFO:root:pong, recived pong from local ai server
INFO:root:pong, recived pong from local ai server
INFO:root:pong, recived pong from local ai server
INFO:root:pong, recived pong from local ai server
INFO:root:pong, recived pong from local ai server
INFO:root:pong, recived pong from local ai server
INFO:root:pong, recived pong from local ai server
INFO:root:pong, recived pong from local ai server
INFO:root:pong, recived pong from local ai server
INFO:root:pong, recived pong from local ai server
INFO:werkzeug:[31m[1mWARNING: This is a development server. Do not use it in a production deployment. Use a production WSGI server instead.[0m
 * Running on all addresses (0.0.0.0)
 * Running on http://127.0.0.1:6550
 * Running on http://192.168.100.4:6550
INFO:werkzeug:[33mPress CTRL+C to quit[0m
INFO:werkzeug:192.168.100.4 - - [28/Dec/2023 02:18:24] "GET /socket.io/?transport=polling&EIO=4&t=1703711904.9018157 HTTP/1.1" 200 -
INFO:root:CLIENT CONNECTED
INFO:root:pong, recived pong from local ai server
INFO:root:pong, recived pong from local ai server
INFO:root:pong, recived pong from local ai server
INFO:root:pong, recived pong from local ai server
INFO:werkzeug:192.168.100.4 - - [28/Dec/2023 02:18:55] "GET /log HTTP/1.1" 200 -
INFO:root:pong, recived pong from local ai server
INFO:root:pong, recived pong from local ai server
INFO:root:pong, recived pong from local ai server
INFO:root:pong, recived pong from local ai server
INFO:root:pong, recived pong from local ai server
INFO:root:pong, recived pong from local ai server
INFO:root:pong, recived pong from local ai server
INFO:root:pong, recived pong from local ai server
INFO:root:pong, recived pong from local ai server
INFO:root:pong, recived pong from local ai server
INFO:root:pong, recived pong from local ai server
INFO:root:pong, recived pong from local ai server
INFO:root:pong, recived pong from local ai server
INFO:root:pong, recived pong from local ai server
INFO:root:pong, recived pong from local ai server
INFO:root:pong, recived pong from local ai server
INFO:root:pong, recived pong from local ai server
INFO:root:pong, recived pong from local ai server
INFO:root:pong, recived pong from local ai server
INFO:root:pong, recived pong from local ai server
INFO:root:pong, recived pong from local ai server
INFO:root:pong, recived pong from local ai server
INFO:root:pong, recived pong from local ai server
INFO:root:pong, recived pong from local ai server
INFO:root:pong, recived pong from local ai server
INFO:root:pong, recived pong from local ai server
INFO:root:pong, recived pong from local ai server
INFO:root:pong, recived pong from local ai server
INFO:root:pong, recived pong from local ai server
INFO:root:pong, recived pong from local ai server
INFO:root:pong, recived pong from local ai server
INFO:root:pong, recived pong from local ai server
INFO:root:pong, recived pong from local ai server
INFO:root:pong, recived pong from local ai server
INFO:root:pong, recived pong from local ai server
INFO:root:pong, recived pong from local ai server
INFO:root:pong, recived pong from local ai server
INFO:root:pong, recived pong from local ai server
INFO:root:pong, recived pong from local ai server
INFO:root:pong, recived pong from local ai server
INFO:root:pong, recived pong from local ai server
INFO:root:pong, recived pong from local ai server
INFO:root:pong, recived pong from local ai server
INFO:root:pong, recived pong from local ai server
INFO:root:pong, recived pong from local ai server
INFO:root:pong, recived pong from local ai server
INFO:root:pong, recived pong from local ai server
INFO:root:pong, recived pong from local ai server
INFO:root:pong, recived pong from local ai server
INFO:root:pong, recived pong from local ai server
INFO:root:pong, recived pong from local ai server
INFO:root:pong, recived pong from local ai server
INFO:root:pong, recived pong from local ai server
INFO:root:pong, recived pong from local ai server
INFO:root:pong, recived pong from local ai server
INFO:root:pong, recived pong from local ai server
INFO:root:pong, recived pong from local ai server
INFO:root:pong, recived pong from local ai server
INFO:root:pong, recived pong from local ai server
INFO:root:pong, recived pong from local ai server
INFO:root:pong, recived pong from local ai server
INFO:root:pong, recived pong from local ai server
INFO:root:pong, recived pong from local ai server
INFO:root:pong, recived pong from local ai server
INFO:root:pong, recived pong from local ai server
INFO:root:pong, recived pong from local ai server
INFO:root:pong, recived pong from local ai server
INFO:root:pong, recived pong from local ai server
INFO:root:pong, recived pong from local ai server
INFO:root:pong, recived pong from local ai server
INFO:root:pong, recived pong from local ai server
INFO:root:pong, recived pong from local ai server
INFO:root:pong, recived pong from local ai server
INFO:root:pong, recived pong from local ai server
INFO:root:pong, recived pong from local ai server
INFO:root:pong, recived pong from local ai server
INFO:root:pong, recived pong from local ai server
INFO:root:pong, recived pong from local ai server
INFO:root:pong, recived pong from local ai server
INFO:root:pong, recived pong from local ai server
INFO:root:pong, recived pong from local ai server
INFO:root:pong, recived pong from local ai server
INFO:root:pong, recived pong from local ai server
INFO:root:pong, recived pong from local ai server
INFO:root:pong, recived pong from local ai server
INFO:root:pong, recived pong from local ai server
INFO:root:pong, recived pong from local ai server
INFO:root:pong, recived pong from local ai server
INFO:root:pong, recived pong from local ai server
INFO:root:pong, recived pong from local ai server
INFO:root:pong, recived pong from local ai server
INFO:root:pong, recived pong from local ai server
INFO:root:pong, recived pong from local ai server
INFO:root:pong, recived pong from local ai server
INFO:root:pong, recived pong from local ai server
INFO:root:pong, recived pong from local ai server
INFO:root:pong, recived pong from local ai server
INFO:root:pong, recived pong from local ai server
INFO:root:pong, recived pong from local ai server
INFO:root:pong, recived pong from local ai server
INFO:root:pong, recived pong from local ai server
INFO:root:pong, recived pong from local ai server
INFO:root:pong, recived pong from local ai server
INFO:root:pong, recived pong from local ai server
INFO:root:pong, recived pong from local ai server
INFO:root:pong, recived pong from local ai server
INFO:root:pong, recived pong from local ai server
INFO:root:pong, recived pong from local ai server
INFO:root:pong, recived pong from local ai server
INFO:root:pong, recived pong from local ai server
INFO:root:pong, recived pong from local ai server
INFO:root:pong, recived pong from local ai server
INFO:root:pong, recived pong from local ai server
INFO:root:pong, recived pong from local ai server
INFO:root:pong, recived pong from local ai server
INFO:root:pong, recived pong from local ai server
INFO:root:pong, recived pong from local ai server
INFO:root:pong, recived pong from local ai server
INFO:root:pong, recived pong from local ai server
INFO:root:pong, recived pong from local ai server
INFO:root:pong, recived pong from local ai server
INFO:root:pong, recived pong from local ai server
INFO:root:pong, recived pong from local ai server
INFO:root:pong, recived pong from local ai server
INFO:root:pong, recived pong from local ai server
INFO:root:pong, recived pong from local ai server
INFO:root:pong, recived pong from local ai server
INFO:root:pong, recived pong from local ai server
INFO:root:pong, recived pong from local ai server
INFO:root:pong, recived pong from local ai server
INFO:root:pong, recived pong from local ai server
INFO:root:pong, recived pong from local ai server
INFO:root:pong, recived pong from local ai server
INFO:root:pong, recived pong from local ai server
INFO:root:pong, recived pong from local ai server
INFO:root:pong, recived pong from local ai server
INFO:root:pong, recived pong from local ai server
INFO:root:pong, recived pong from local ai server
INFO:root:pong, recived pong from local ai server
INFO:root:pong, recived pong from local ai server
INFO:root:pong, recived pong from local ai server
INFO:root:pong, recived pong from local ai server
INFO:root:pong, recived pong from local ai server
INFO:root:pong, recived pong from local ai server
INFO:root:pong, recived pong from local ai server
INFO:root:pong, recived pong from local ai server
INFO:root:pong, recived pong from local ai server
INFO:root:pong, recived pong from local ai server
INFO:root:pong, recived pong from local ai server
INFO:root:pong, recived pong from local ai server
INFO:root:pong, recived pong from local ai server
INFO:root:pong, recived pong from local ai server
INFO:root:pong, recived pong from local ai server
INFO:root:pong, recived pong from local ai server
INFO:root:pong, recived pong from local ai server
INFO:root:pong, recived pong from local ai server
INFO:root:pong, recived pong from local ai server
INFO:root:pong, recived pong from local ai server
INFO:root:pong, recived pong from local ai server
INFO:root:pong, recived pong from local ai server
INFO:root:pong, recived pong from local ai server
INFO:root:pong, recived pong from local ai server
INFO:root:pong, recived pong from local ai server
INFO:root:pong, recived pong from local ai server
INFO:root:pong, recived pong from local ai server
INFO:root:pong, recived pong from local ai server
INFO:root:pong, recived pong from local ai server
INFO:root:pong, recived pong from local ai server
INFO:root:pong, recived pong from local ai server
INFO:root:pong, recived pong from local ai server
INFO:root:pong, recived pong from local ai server
INFO:root:pong, recived pong from local ai server
INFO:root:pong, recived pong from local ai server
INFO:root:pong, recived pong from local ai server
INFO:root:pong, recived pong from local ai server
INFO:root:pong, recived pong from local ai server
INFO:root:pong, recived pong from local ai server
INFO:root:pong, recived pong from local ai server
INFO:root:pong, recived pong from local ai server
INFO:root:pong, recived pong from local ai server
INFO:root:pong, recived pong from local ai server
INFO:root:pong, recived pong from local ai server
INFO:root:pong, recived pong from local ai server
INFO:root:pong, recived pong from local ai server
INFO:root:pong, recived pong from local ai server
INFO:root:pong, recived pong from local ai server
INFO:root:pong, recived pong from local ai server
INFO:root:pong, recived pong from local ai server
INFO:root:pong, recived pong from local ai server
INFO:root:pong, recived pong from local ai server
INFO:root:pong, recived pong from local ai server
INFO:root:pong, recived pong from local ai server
INFO:root:pong, recived pong from local ai server
INFO:root:pong, recived pong from local ai server
INFO:root:pong, recived pong from local ai server
INFO:root:pong, recived pong from local ai server
INFO:root:pong, recived pong from local ai server
INFO:root:pong, recived pong from local ai server
INFO:root:pong, recived pong from local ai server
INFO:root:pong, recived pong from local ai server
INFO:root:pong, recived pong from local ai server
INFO:root:pong, recived pong from local ai server
INFO:root:pong, recived pong from local ai server
INFO:root:pong, recived pong from local ai server
INFO:root:pong, recived pong from local ai server
INFO:root:pong, recived pong from local ai server
INFO:root:pong, recived pong from local ai server
INFO:root:pong, recived pong from local ai server
INFO:root:pong, recived pong from local ai server
INFO:root:pong, recived pong from local ai server
INFO:root:pong, recived pong from local ai server
INFO:root:pong, recived pong from local ai server
INFO:root:pong, recived pong from local ai server
INFO:root:pong, recived pong from local ai server
INFO:root:pong, recived pong from local ai server
INFO:root:pong, recived pong from local ai server
INFO:root:pong, recived pong from local ai server
INFO:root:pong, recived pong from local ai server
INFO:root:pong, recived pong from local ai server
INFO:root:pong, recived pong from local ai server
INFO:root:pong, recived pong from local ai server
INFO:root:pong, recived pong from local ai server
INFO:root:pong, recived pong from local ai server
INFO:root:pong, recived pong from local ai server
INFO:root:pong, recived pong from local ai server
INFO:root:pong, recived pong from local ai server
INFO:root:pong, recived pong from local ai server
INFO:root:pong, recived pong from local ai server
INFO:root:pong, recived pong from local ai server
INFO:root:pong, recived pong from local ai server
INFO:root:pong, recived pong from local ai server
INFO:root:pong, recived pong from local ai server
INFO:root:pong, recived pong from local ai server
INFO:root:pong, recived pong from local ai server
INFO:root:pong, recived pong from local ai server
INFO:root:pong, recived pong from local ai server
INFO:root:pong, recived pong from local ai server
INFO:root:pong, recived pong from local ai server
INFO:root:pong, recived pong from local ai server
INFO:root:pong, recived pong from local ai server
INFO:root:pong, recived pong from local ai server
INFO:root:pong, recived pong from local ai server
INFO:root:pong, recived pong from local ai server
INFO:root:pong, recived pong from local ai server
INFO:root:pong, recived pong from local ai server
INFO:root:pong, recived pong from local ai server
INFO:root:pong, recived pong from local ai server
INFO:root:pong, recived pong from local ai server
INFO:root:pong, recived pong from local ai server
INFO:root:pong, recived pong from local ai server
INFO:root:pong, recived pong from local ai server
INFO:root:pong, recived pong from local ai server
INFO:root:pong, recived pong from local ai server
INFO:root:pong, recived pong from local ai server
INFO:root:pong, recived pong from local ai server
INFO:root:pong, recived pong from local ai server
INFO:root:pong, recived pong from local ai server
INFO:root:pong, recived pong from local ai server
INFO:root:pong, recived pong from local ai server
INFO:root:pong, recived pong from local ai server
INFO:root:pong, recived pong from local ai server
INFO:root:pong, recived pong from local ai server
INFO:root:pong, recived pong from local ai server
INFO:root:pong, recived pong from local ai server
INFO:root:pong, recived pong from local ai server
INFO:root:pong, recived pong from local ai server
INFO:root:pong, recived pong from local ai server
INFO:root:pong, recived pong from local ai server
INFO:root:pong, recived pong from local ai server
INFO:root:pong, recived pong from local ai server
INFO:root:pong, recived pong from local ai server
INFO:root:pong, recived pong from local ai server
INFO:root:pong, recived pong from local ai server
INFO:root:pong, recived pong from local ai server
INFO:root:pong, recived pong from local ai server
INFO:root:pong, recived pong from local ai server
INFO:root:pong, recived pong from local ai server
INFO:root:pong, recived pong from local ai server
INFO:root:pong, recived pong from local ai server
INFO:root:pong, recived pong from local ai server
INFO:root:pong, recived pong from local ai server
INFO:root:pong, recived pong from local ai server
INFO:root:pong, recived pong from local ai server
INFO:root:pong, recived pong from local ai server
INFO:root:pong, recived pong from local ai server
INFO:root:pong, recived pong from local ai server
INFO:root:pong, recived pong from local ai server
INFO:root:pong, recived pong from local ai server
INFO:root:pong, recived pong from local ai server
INFO:root:pong, recived pong from local ai server
INFO:root:pong, recived pong from local ai server
INFO:root:pong, recived pong from local ai server
INFO:root:pong, recived pong from local ai server
INFO:root:pong, recived pong from local ai server
INFO:root:pong, recived pong from local ai server
INFO:root:pong, recived pong from local ai server
INFO:root:pong, recived pong from local ai server
INFO:root:pong, recived pong from local ai server
INFO:root:pong, recived pong from local ai server
INFO:root:pong, recived pong from local ai server
INFO:root:pong, recived pong from local ai server
INFO:root:pong, recived pong from local ai server
INFO:root:pong, recived pong from local ai server
INFO:root:pong, recived pong from local ai server
INFO:root:pong, recived pong from local ai server
INFO:root:pong, recived pong from local ai server
INFO:root:pong, recived pong from local ai server
INFO:root:pong, recived pong from local ai server
INFO:root:pong, recived pong from local ai server
INFO:root:pong, recived pong from local ai server
INFO:root:pong, recived pong from local ai server
INFO:root:pong, recived pong from local ai server
INFO:root:pong, recived pong from local ai server
INFO:root:pong, recived pong from local ai server
INFO:root:pong, recived pong from local ai server
INFO:root:pong, recived pong from local ai server
INFO:root:pong, recived pong from local ai server
INFO:root:pong, recived pong from local ai server
INFO:root:pong, recived pong from local ai server
INFO:root:pong, recived pong from local ai server
INFO:root:pong, recived pong from local ai server
INFO:root:pong, recived pong from local ai server
INFO:root:pong, recived pong from local ai server
INFO:root:pong, recived pong from local ai server
INFO:root:pong, recived pong from local ai server
INFO:root:pong, recived pong from local ai server
INFO:root:pong, recived pong from local ai server
INFO:root:pong, recived pong from local ai server
INFO:root:pong, recived pong from local ai server
INFO:root:pong, recived pong from local ai server
INFO:root:pong, recived pong from local ai server
INFO:root:pong, recived pong from local ai server
INFO:root:pong, recived pong from local ai server
INFO:root:pong, recived pong from local ai server
INFO:root:pong, recived pong from local ai server
INFO:root:pong, recived pong from local ai server
INFO:root:pong, recived pong from local ai server
INFO:root:pong, recived pong from local ai server
INFO:root:pong, recived pong from local ai server
INFO:root:pong, recived pong from local ai server
INFO:root:pong, recived pong from local ai server
INFO:root:pong, recived pong from local ai server
INFO:root:pong, recived pong from local ai server
INFO:root:pong, recived pong from local ai server
INFO:root:pong, recived pong from local ai server
INFO:root:pong, recived pong from local ai server
INFO:root:pong, recived pong from local ai server
INFO:root:pong, recived pong from local ai server
INFO:root:pong, recived pong from local ai server
INFO:root:pong, recived pong from local ai server
INFO:root:pong, recived pong from local ai server
INFO:root:pong, recived pong from local ai server
INFO:root:pong, recived pong from local ai server
INFO:root:pong, recived pong from local ai server
INFO:root:pong, recived pong from local ai server
INFO:root:pong, recived pong from local ai server
INFO:root:pong, recived pong from local ai server
INFO:root:pong, recived pong from local ai server
INFO:root:pong, recived pong from local ai server
INFO:root:pong, recived pong from local ai server
INFO:root:pong, recived pong from local ai server
INFO:root:pong, recived pong from local ai server
INFO:root:pong, recived pong from local ai server
INFO:root:pong, recived pong from local ai server
INFO:root:pong, recived pong from local ai server
INFO:root:pong, recived pong from local ai server
INFO:root:pong, recived pong from local ai server
INFO:root:pong, recived pong from local ai server
INFO:root:pong, recived pong from local ai server
INFO:root:pong, recived pong from local ai server
INFO:root:pong, recived pong from local ai server
INFO:root:pong, recived pong from local ai server
INFO:root:pong, recived pong from local ai server
INFO:root:pong, recived pong from local ai server
INFO:root:pong, recived pong from local ai server
INFO:root:pong, recived pong from local ai server
INFO:root:pong, recived pong from local ai server
INFO:root:pong, recived pong from local ai server
INFO:root:pong, recived pong from local ai server
INFO:root:pong, recived pong from local ai server
INFO:root:pong, recived pong from local ai server
INFO:root:pong, recived pong from local ai server
INFO:root:pong, recived pong from local ai server
INFO:root:pong, recived pong from local ai server
INFO:root:pong, recived pong from local ai server
INFO:root:pong, recived pong from local ai server
INFO:root:pong, recived pong from local ai server
INFO:root:pong, recived pong from local ai server
INFO:root:pong, recived pong from local ai server
INFO:root:pong, recived pong from local ai server
INFO:root:pong, recived pong from local ai server
INFO:root:pong, recived pong from local ai server
INFO:root:pong, recived pong from local ai server
INFO:root:pong, recived pong from local ai server
INFO:root:pong, recived pong from local ai server
INFO:root:pong, recived pong from local ai server
INFO:root:pong, recived pong from local ai server
INFO:root:pong, recived pong from local ai server
INFO:root:pong, recived pong from local ai server
INFO:root:pong, recived pong from local ai server
INFO:root:pong, recived pong from local ai server
INFO:root:pong, recived pong from local ai server
INFO:root:pong, recived pong from local ai server
INFO:root:pong, recived pong from local ai server
INFO:root:pong, recived pong from local ai server
INFO:root:pong, recived pong from local ai server
INFO:root:pong, recived pong from local ai server
INFO:root:pong, recived pong from local ai server
INFO:root:pong, recived pong from local ai server
INFO:root:pong, recived pong from local ai server
INFO:root:pong, recived pong from local ai server
INFO:root:pong, recived pong from local ai server
INFO:root:pong, recived pong from local ai server
INFO:root:pong, recived pong from local ai server
INFO:root:pong, recived pong from local ai server
INFO:root:pong, recived pong from local ai server
INFO:root:pong, recived pong from local ai server
INFO:root:pong, recived pong from local ai server
INFO:root:pong, recived pong from local ai server
INFO:root:pong, recived pong from local ai server
INFO:root:pong, recived pong from local ai server
INFO:root:pong, recived pong from local ai server
INFO:root:pong, recived pong from local ai server
INFO:root:pong, recived pong from local ai server
INFO:root:pong, recived pong from local ai server
INFO:root:pong, recived pong from local ai server
INFO:root:pong, recived pong from local ai server
INFO:root:pong, recived pong from local ai server
INFO:root:pong, recived pong from local ai server
INFO:root:pong, recived pong from local ai server
INFO:root:pong, recived pong from local ai server
INFO:root:pong, recived pong from local ai server
INFO:root:pong, recived pong from local ai server
INFO:root:pong, recived pong from local ai server
INFO:root:pong, recived pong from local ai server
INFO:root:pong, recived pong from local ai server
INFO:root:pong, recived pong from local ai server
INFO:root:pong, recived pong from local ai server
INFO:root:pong, recived pong from local ai server
INFO:root:pong, recived pong from local ai server
INFO:root:pong, recived pong from local ai server
INFO:root:pong, recived pong from local ai server
INFO:root:pong, recived pong from local ai server
INFO:root:pong, recived pong from local ai server
INFO:root:pong, recived pong from local ai server
INFO:root:pong, recived pong from local ai server
INFO:root:pong, recived pong from local ai server
INFO:root:pong, recived pong from local ai server
INFO:root:pong, recived pong from local ai server
INFO:root:pong, recived pong from local ai server
INFO:root:pong, recived pong from local ai server
INFO:root:pong, recived pong from local ai server
INFO:root:pong, recived pong from local ai server
INFO:root:pong, recived pong from local ai server
INFO:root:pong, recived pong from local ai server
INFO:root:pong, recived pong from local ai server
INFO:root:pong, recived pong from local ai server
INFO:root:pong, recived pong from local ai server
INFO:root:pong, recived pong from local ai server
INFO:root:pong, recived pong from local ai server
INFO:root:pong, recived pong from local ai server
INFO:root:pong, recived pong from local ai server
INFO:root:pong, recived pong from local ai server
INFO:root:pong, recived pong from local ai server
INFO:root:pong, recived pong from local ai server
INFO:root:pong, recived pong from local ai server
INFO:root:pong, recived pong from local ai server
INFO:root:pong, recived pong from local ai server
INFO:root:pong, recived pong from local ai server
INFO:root:pong, recived pong from local ai server
INFO:root:pong, recived pong from local ai server
INFO:root:pong, recived pong from local ai server
INFO:root:pong, recived pong from local ai server
INFO:root:pong, recived pong from local ai server
INFO:root:pong, recived pong from local ai server
INFO:root:pong, recived pong from local ai server
INFO:root:pong, recived pong from local ai server
INFO:root:pong, recived pong from local ai server
INFO:root:pong, recived pong from local ai server
INFO:root:pong, recived pong from local ai server
INFO:root:pong, recived pong from local ai server
INFO:root:pong, recived pong from local ai server
INFO:root:pong, recived pong from local ai server
INFO:root:pong, recived pong from local ai server
INFO:root:pong, recived pong from local ai server
INFO:root:pong, recived pong from local ai server
INFO:root:pong, recived pong from local ai server
INFO:root:pong, recived pong from local ai server
INFO:root:pong, recived pong from local ai server
INFO:root:pong, recived pong from local ai server
INFO:root:pong, recived pong from local ai server
INFO:root:pong, recived pong from local ai server
INFO:root:pong, recived pong from local ai server
INFO:root:pong, recived pong from local ai server
INFO:root:pong, recived pong from local ai server
INFO:root:pong, recived pong from local ai server
INFO:root:pong, recived pong from local ai server
INFO:root:pong, recived pong from local ai server
INFO:root:pong, recived pong from local ai server
INFO:root:pong, recived pong from local ai server
INFO:root:pong, recived pong from local ai server
INFO:root:pong, recived pong from local ai server
INFO:root:pong, recived pong from local ai server
INFO:root:pong, recived pong from local ai server
INFO:root:pong, recived pong from local ai server
INFO:root:pong, recived pong from local ai server
INFO:root:pong, recived pong from local ai server
INFO:root:pong, recived pong from local ai server
INFO:root:pong, recived pong from local ai server
INFO:root:pong, recived pong from local ai server
INFO:root:pong, recived pong from local ai server
INFO:root:pong, recived pong from local ai server
INFO:root:pong, recived pong from local ai server
INFO:root:pong, recived pong from local ai server
INFO:root:pong, recived pong from local ai server
INFO:root:pong, recived pong from local ai server
INFO:root:pong, recived pong from local ai server
INFO:root:pong, recived pong from local ai server
INFO:root:pong, recived pong from local ai server
INFO:root:pong, recived pong from local ai server
INFO:root:pong, recived pong from local ai server
INFO:root:pong, recived pong from local ai server
INFO:root:pong, recived pong from local ai server
INFO:root:pong, recived pong from local ai server
INFO:root:pong, recived pong from local ai server
INFO:root:pong, recived pong from local ai server
INFO:root:pong, recived pong from local ai server
INFO:root:pong, recived pong from local ai server
INFO:root:pong, recived pong from local ai server
INFO:root:pong, recived pong from local ai server
INFO:root:pong, recived pong from local ai server
INFO:root:pong, recived pong from local ai server
INFO:root:pong, recived pong from local ai server
INFO:root:pong, recived pong from local ai server
INFO:root:pong, recived pong from local ai server
INFO:root:pong, recived pong from local ai server
INFO:root:pong, recived pong from local ai server
INFO:root:pong, recived pong from local ai server
INFO:root:pong, recived pong from local ai server
INFO:root:pong, recived pong from local ai server
INFO:root:pong, recived pong from local ai server
INFO:root:pong, recived pong from local ai server
INFO:root:pong, recived pong from local ai server
INFO:root:pong, recived pong from local ai server
INFO:root:pong, recived pong from local ai server
INFO:root:pong, recived pong from local ai server
INFO:root:pong, recived pong from local ai server
INFO:root:pong, recived pong from local ai server
INFO:root:pong, recived pong from local ai server
INFO:root:pong, recived pong from local ai server
INFO:root:pong, recived pong from local ai server
INFO:root:pong, recived pong from local ai server
INFO:root:pong, recived pong from local ai server
INFO:root:pong, recived pong from local ai server
INFO:root:pong, recived pong from local ai server
INFO:root:pong, recived pong from local ai server
INFO:root:pong, recived pong from local ai server
INFO:root:pong, recived pong from local ai server
INFO:root:pong, recived pong from local ai server
INFO:root:pong, recived pong from local ai server
INFO:root:pong, recived pong from local ai server
INFO:root:pong, recived pong from local ai server
INFO:root:pong, recived pong from local ai server
INFO:root:pong, recived pong from local ai server
INFO:root:pong, recived pong from local ai server
INFO:root:pong, recived pong from local ai server
INFO:root:pong, recived pong from local ai server
INFO:root:pong, recived pong from local ai server
INFO:root:pong, recived pong from local ai server
INFO:root:pong, recived pong from local ai server
INFO:root:pong, recived pong from local ai server
INFO:root:pong, recived pong from local ai server
INFO:root:pong, recived pong from local ai server
INFO:root:pong, recived pong from local ai server
INFO:root:pong, recived pong from local ai server
INFO:root:pong, recived pong from local ai server
INFO:root:pong, recived pong from local ai server
INFO:root:pong, recived pong from local ai server
INFO:root:pong, recived pong from local ai server
INFO:root:pong, recived pong from local ai server
INFO:root:pong, recived pong from local ai server
INFO:root:pong, recived pong from local ai server
INFO:root:pong, recived pong from local ai server
INFO:root:pong, recived pong from local ai server
INFO:root:pong, recived pong from local ai server
INFO:root:pong, recived pong from local ai server
INFO:root:pong, recived pong from local ai server
INFO:root:pong, recived pong from local ai server
INFO:root:pong, recived pong from local ai server
INFO:root:pong, recived pong from local ai server
INFO:root:pong, recived pong from local ai server
INFO:root:pong, recived pong from local ai server
INFO:root:pong, recived pong from local ai server
INFO:root:pong, recived pong from local ai server
INFO:root:pong, recived pong from local ai server
INFO:root:pong, recived pong from local ai server
INFO:root:pong, recived pong from local ai server
INFO:root:pong, recived pong from local ai server
INFO:root:pong, recived pong from local ai server
INFO:root:pong, recived pong from local ai server
INFO:root:pong, recived pong from local ai server
INFO:root:pong, recived pong from local ai server
INFO:root:pong, recived pong from local ai server
INFO:root:pong, recived pong from local ai server
INFO:root:pong, recived pong from local ai server
INFO:root:pong, recived pong from local ai server
INFO:root:pong, recived pong from local ai server
INFO:root:pong, recived pong from local ai server
INFO:root:pong, recived pong from local ai server
INFO:root:pong, recived pong from local ai server
INFO:root:pong, recived pong from local ai server
INFO:root:pong, recived pong from local ai server
INFO:root:pong, recived pong from local ai server
INFO:root:pong, recived pong from local ai server
INFO:root:pong, recived pong from local ai server
INFO:root:pong, recived pong from local ai server
INFO:root:pong, recived pong from local ai server
INFO:root:pong, recived pong from local ai server
INFO:root:pong, recived pong from local ai server
INFO:root:pong, recived pong from local ai server
INFO:root:pong, recived pong from local ai server
INFO:root:pong, recived pong from local ai server
INFO:root:pong, recived pong from local ai server
INFO:root:pong, recived pong from local ai server
INFO:root:pong, recived pong from local ai server
INFO:root:pong, recived pong from local ai server
INFO:root:pong, recived pong from local ai server
INFO:root:pong, recived pong from local ai server
INFO:root:pong, recived pong from local ai server
INFO:root:pong, recived pong from local ai server
INFO:root:pong, recived pong from local ai server
INFO:root:pong, recived pong from local ai server
INFO:root:pong, recived pong from local ai server
INFO:root:pong, recived pong from local ai server
INFO:root:pong, recived pong from local ai server
INFO:root:pong, recived pong from local ai server
INFO:root:pong, recived pong from local ai server
INFO:root:pong, recived pong from local ai server
INFO:root:pong, recived pong from local ai server
INFO:root:pong, recived pong from local ai server
INFO:root:pong, recived pong from local ai server
INFO:root:pong, recived pong from local ai server
INFO:root:pong, recived pong from local ai server
INFO:root:pong, recived pong from local ai server
INFO:root:pong, recived pong from local ai server
INFO:root:pong, recived pong from local ai server
INFO:root:pong, recived pong from local ai server
INFO:root:pong, recived pong from local ai server
INFO:root:pong, recived pong from local ai server
INFO:root:pong, recived pong from local ai server
INFO:root:pong, recived pong from local ai server
INFO:root:pong, recived pong from local ai server
INFO:root:pong, recived pong from local ai server
INFO:root:pong, recived pong from local ai server
INFO:root:pong, recived pong from local ai server
INFO:root:pong, recived pong from local ai server
INFO:root:pong, recived pong from local ai server
INFO:root:pong, recived pong from local ai server
INFO:root:pong, recived pong from local ai server
INFO:root:pong, recived pong from local ai server
INFO:werkzeug:192.168.100.4 - - [28/Dec/2023 13:07:17] "GET /socket.io/?transport=websocket&EIO=4&sid=xh_IHQA6PhWJWngSAAAA&t=1703711904.9223294 HTTP/1.1" 200 -
